
-----
Test: tests/test_select.py::test_buy_product (call)
Start time: 2025-06-28 23:31:30.345363
Start name method: authorize

End time: 2025-06-28 23:31:31.247206
End name method: authorize
URL: https://sendflowers.by/login
-----

-----
Test: tests/test_select.py::test_buy_product (call)
Start time: 2025-06-28 23:31:31.247206
Start name method: select_product_go_cart

End time: 2025-06-28 23:31:32.066225
End name method: select_product_go_cart
URL: https://sendflowers.by/cart
-----

-----
Test: tests/test_select.py::test_buy_product_2 (call)
Start time: 2025-06-28 23:31:39.257478
Start name method: authorize

End time: 2025-06-28 23:31:40.151387
End name method: authorize
URL: https://sendflowers.by/my-account
-----

-----
Test: tests/test_select.py::test_buy_product_2 (call)
Start time: 2025-06-28 23:31:40.151387
Start name method: select_product_go_cart

End time: 2025-06-28 23:31:40.975441
End name method: select_product_go_cart
URL: https://sendflowers.by/cart
-----
