
-----
Test: tests/test_select.py::test_buy_product (call)
Start time: 2025-06-28 23:58:19.356790
Start name method: authorize

End time: 2025-06-28 23:58:20.269759
End name method: authorize
URL: https://sendflowers.by/login
-----

-----
Test: tests/test_select.py::test_buy_product (call)
Start time: 2025-06-28 23:58:20.269759
Start name method: select_product_go_cart

End time: 2025-06-28 23:58:21.094737
End name method: select_product_go_cart
URL: https://sendflowers.by/cart
-----

-----
Test: tests/test_select.py::test_buy_product_2 (call)
Start time: 2025-06-28 23:58:25.064471
Start name method: authorize

End time: 2025-06-28 23:58:25.956956
End name method: authorize
URL: https://sendflowers.by/my-account
-----

-----
Test: tests/test_select.py::test_buy_product_2 (call)
Start time: 2025-06-28 23:58:25.957956
Start name method: select_product_go_cart

End time: 2025-06-28 23:58:26.780070
End name method: select_product_go_cart
URL: https://sendflowers.by/cart
-----
