
-----
Test: tests/test_select.py::test_buy_product (call)
Start time: 2025-06-28 23:55:20.737024
Start name method: authorize

End time: 2025-06-28 23:55:21.816396
End name method: authorize
URL: https://sendflowers.by/my-account
-----

-----
Test: tests/test_select.py::test_buy_product (call)
Start time: 2025-06-28 23:55:21.816396
Start name method: select_product_go_cart

End time: 2025-06-28 23:55:22.651436
End name method: select_product_go_cart
URL: https://sendflowers.by/cart
-----

-----
Test: tests/test_select.py::test_buy_product_2 (call)
Start time: 2025-06-28 23:55:26.594563
Start name method: authorize

End time: 2025-06-28 23:55:27.528979
End name method: authorize
URL: https://sendflowers.by/my-account
-----

-----
Test: tests/test_select.py::test_buy_product_2 (call)
Start time: 2025-06-28 23:55:27.528979
Start name method: select_product_go_cart

End time: 2025-06-28 23:55:28.361265
End name method: select_product_go_cart
URL: https://sendflowers.by/cart
-----
