
-----
Test: test_select.py::test_buy_product (call)
Start time: 2025-06-29 21:36:13.606491
Start name method: authorize

End time: 2025-06-29 21:36:14.222927
End name method: authorize
URL: https://sendflowers.by/login
-----

-----
Test: test_select.py::test_buy_product (call)
Start time: 2025-06-29 21:36:14.222927
Start name method: select_product_go_cart


-----
Test: test_select.py::test_buy_product_2 (call)
Start time: 2025-06-29 21:36:39.851240
Start name method: authorize

End time: 2025-06-29 21:36:40.425423
End name method: authorize
URL: https://sendflowers.by/login
-----

-----
Test: test_select.py::test_buy_product_2 (call)
Start time: 2025-06-29 21:36:40.426423
Start name method: select_product_go_cart

