
-----
Test: tests/test_select.py::test_buy_product (call)
Start time: 2025-06-29 00:07:05.849824
Start name method: authorize

End time: 2025-06-29 00:07:06.756218
End name method: authorize
URL: https://sendflowers.by/login
-----

-----
Test: tests/test_select.py::test_buy_product (call)
Start time: 2025-06-29 00:07:06.756218
Start name method: select_product_go_cart

End time: 2025-06-29 00:07:07.644508
End name method: select_product_go_cart
URL: https://sendflowers.by/cart
-----

-----
Test: tests/test_select.py::test_buy_product_2 (call)
Start time: 2025-06-29 00:07:11.489167
Start name method: authorize

