
-----
Test: test_select.py::test_buy_product (call)
Start time: 2025-06-29 15:42:26.984626
Start name method: authorize

End time: 2025-06-29 15:42:27.956008
End name method: authorize
URL: https://sendflowers.by/my-account
-----

-----
Test: test_select.py::test_buy_product (call)
Start time: 2025-06-29 15:42:27.957008
Start name method: select_product_go_cart

End time: 2025-06-29 15:42:29.508450
End name method: select_product_go_cart
URL: https://sendflowers.by/
-----

-----
Test: test_select.py::test_buy_product_2 (call)
Start time: 2025-06-29 15:42:35.514008
Start name method: authorize

End time: 2025-06-29 15:42:36.112932
End name method: authorize
URL: https://sendflowers.by/login
-----

-----
Test: test_select.py::test_buy_product_2 (call)
Start time: 2025-06-29 15:42:36.112932
Start name method: select_product_go_cart

End time: 2025-06-29 15:42:37.668324
End name method: select_product_go_cart
URL: https://sendflowers.by/
-----
