
-----
Test: tests/test_select.py::test_buy_product (call)
Start time: 2025-06-29 00:02:34.288720
Start name method: authorize

End time: 2025-06-29 00:02:35.252605
End name method: authorize
URL: https://sendflowers.by/my-account
-----

-----
Test: tests/test_select.py::test_buy_product (call)
Start time: 2025-06-29 00:02:35.253606
Start name method: select_product_go_cart

End time: 2025-06-29 00:02:36.080895
End name method: select_product_go_cart
URL: https://sendflowers.by/cart
-----

-----
Test: tests/test_select.py::test_buy_product_2 (call)
Start time: 2025-06-29 00:02:40.964924
Start name method: authorize

End time: 2025-06-29 00:02:41.921664
End name method: authorize
URL: https://sendflowers.by/my-account
-----

-----
Test: tests/test_select.py::test_buy_product_2 (call)
Start time: 2025-06-29 00:02:41.922664
Start name method: select_product_go_cart

End time: 2025-06-29 00:02:42.766363
End name method: select_product_go_cart
URL: https://sendflowers.by/cart
-----
