
-----
Test: test_select.py::test_buy_product (call)
Start time: 2025-06-29 16:45:43.061752
Start name method: authorize

End time: 2025-06-29 16:45:43.633215
End name method: authorize
URL: https://sendflowers.by/login
-----

-----
Test: test_select.py::test_buy_product (call)
Start time: 2025-06-29 16:45:43.633215
Start name method: select_product_go_cart

End time: 2025-06-29 16:45:45.232844
End name method: select_product_go_cart
URL: https://sendflowers.by/
-----

-----
Test: test_select.py::test_buy_product_2 (call)
Start time: 2025-06-29 16:45:49.203831
Start name method: authorize

End time: 2025-06-29 16:45:49.779803
End name method: authorize
URL: https://sendflowers.by/login
-----

-----
Test: test_select.py::test_buy_product_2 (call)
Start time: 2025-06-29 16:45:49.779803
Start name method: select_product_go_cart

End time: 2025-06-29 16:45:51.370151
End name method: select_product_go_cart
URL: https://sendflowers.by/
-----
