
-----
Test: test_select.py::test_buy_product (call)
Start time: 2025-06-29 22:25:05.650904
Start name method: authorize

End time: 2025-06-29 22:25:06.648905
End name method: authorize
URL: https://sendflowers.by/my-account
-----

-----
Test: test_select.py::test_buy_product (call)
Start time: 2025-06-29 22:25:06.648905
Start name method: select_product_go_cart

End time: 2025-06-29 22:25:07.911823
End name method: select_product_go_cart
URL: https://sendflowers.by/
-----

-----
Test: test_select.py::test_buy_product_2 (call)
Start time: 2025-06-29 22:25:36.814854
Start name method: authorize

End time: 2025-06-29 22:25:37.818821
End name method: authorize
URL: https://sendflowers.by/my-account
-----

-----
Test: test_select.py::test_buy_product_2 (call)
Start time: 2025-06-29 22:25:37.818821
Start name method: select_product_go_cart

