
-----
Test: test_select.py::test_buy_product (call)
Start time: 2025-06-29 17:14:43.397114
Start name method: authorize

End time: 2025-06-29 17:14:44.923031
End name method: authorize
URL: https://sendflowers.by/my-account
-----

-----
Test: test_select.py::test_buy_product (call)
Start time: 2025-06-29 17:14:44.923031
Start name method: select_product_go_cart

End time: 2025-06-29 17:14:47.380526
End name method: select_product_go_cart
URL: https://sendflowers.by/
-----

-----
Test: test_select.py::test_buy_product_2 (call)
Start time: 2025-06-29 17:14:51.319150
Start name method: authorize

End time: 2025-06-29 17:14:52.301177
End name method: authorize
URL: https://sendflowers.by/login
-----

-----
Test: test_select.py::test_buy_product_2 (call)
Start time: 2025-06-29 17:14:52.301685
Start name method: select_product_go_cart

End time: 2025-06-29 17:14:54.998892
End name method: select_product_go_cart
URL: https://sendflowers.by/
-----
