
-----
Test: tests/test_select.py::test_buy_product (call)
Start time: 2025-06-29 00:06:52.730617
Start name method: authorize

End time: 2025-06-29 00:06:54.088781
End name method: authorize
URL: https://sendflowers.by/my-account
-----

-----
Test: tests/test_select.py::test_buy_product (call)
Start time: 2025-06-29 00:06:54.089303
Start name method: select_product_go_cart

End time: 2025-06-29 00:06:54.992788
End name method: select_product_go_cart
URL: https://sendflowers.by/cart
-----

-----
Test: tests/test_select.py::test_buy_product_2 (call)
Start time: 2025-06-29 00:06:58.879257
Start name method: authorize

End time: 2025-06-29 00:07:00.344697
End name method: authorize
URL: https://sendflowers.by/my-account
-----

-----
Test: tests/test_select.py::test_buy_product_2 (call)
Start time: 2025-06-29 00:07:00.345211
Start name method: select_product_go_cart

End time: 2025-06-29 00:07:01.246906
End name method: select_product_go_cart
URL: https://sendflowers.by/cart
-----
