
-----
Test: test_select.py::test_buy_product (call)
Start time: 2025-06-29 13:45:41.537273
Start name method: authorize

End time: 2025-06-29 13:45:42.134551
End name method: authorize
URL: https://sendflowers.by/login
-----

-----
Test: test_select.py::test_buy_product (call)
Start time: 2025-06-29 13:45:42.134551
Start name method: select_product_go_cart

End time: 2025-06-29 13:45:42.997250
End name method: select_product_go_cart
URL: https://sendflowers.by/cart
-----

-----
Test: test_select.py::test_buy_product_2 (call)
Start time: 2025-06-29 13:45:46.986943
Start name method: authorize

End time: 2025-06-29 13:45:47.951496
End name method: authorize
URL: https://sendflowers.by/login
-----

-----
Test: test_select.py::test_buy_product_2 (call)
Start time: 2025-06-29 13:45:47.952502
Start name method: select_product_go_cart

End time: 2025-06-29 13:45:48.795884
End name method: select_product_go_cart
URL: https://sendflowers.by/cart
-----
