
-----
Test: tests/test_select.py::test_buy_product (call)
Start time: 2025-06-29 00:07:59.029734
Start name method: authorize

End time: 2025-06-29 00:08:00.477706
End name method: authorize
URL: https://sendflowers.by/my-account
-----

-----
Test: tests/test_select.py::test_buy_product (call)
Start time: 2025-06-29 00:08:00.478219
Start name method: select_product_go_cart

End time: 2025-06-29 00:08:01.366051
End name method: select_product_go_cart
URL: https://sendflowers.by/cart
-----

-----
Test: tests/test_select.py::test_buy_product_2 (call)
Start time: 2025-06-29 00:08:05.211769
Start name method: authorize

End time: 2025-06-29 00:08:06.564046
End name method: authorize
URL: https://sendflowers.by/my-account
-----

-----
Test: tests/test_select.py::test_buy_product_2 (call)
Start time: 2025-06-29 00:08:06.564602
Start name method: select_product_go_cart

End time: 2025-06-29 00:08:07.448216
End name method: select_product_go_cart
URL: https://sendflowers.by/cart
-----
