
-----
Test: test_select.py::test_buy_product (call)
Start time: 2025-06-29 16:53:50.135797
Start name method: authorize

End time: 2025-06-29 16:53:50.701750
End name method: authorize
URL: https://sendflowers.by/login
-----

-----
Test: test_select.py::test_buy_product (call)
Start time: 2025-06-29 16:53:50.702750
Start name method: select_product_go_cart


-----
Test: test_select.py::test_buy_product_2 (call)
Start time: 2025-06-29 16:54:17.391582
Start name method: authorize

End time: 2025-06-29 16:54:17.986528
End name method: authorize
URL: https://sendflowers.by/login
-----

-----
Test: test_select.py::test_buy_product_2 (call)
Start time: 2025-06-29 16:54:17.987529
Start name method: select_product_go_cart

