
-----
Test: test_select.py::test_buy_product (call)
Start time: 2025-06-29 13:45:16.907229
Start name method: authorize

End time: 2025-06-29 13:45:17.951007
End name method: authorize
URL: https://sendflowers.by/login
-----

-----
Test: test_select.py::test_buy_product (call)
Start time: 2025-06-29 13:45:17.951007
Start name method: select_product_go_cart

End time: 2025-06-29 13:45:18.802045
End name method: select_product_go_cart
URL: https://sendflowers.by/cart
-----

-----
Test: test_select.py::test_buy_product_2 (call)
Start time: 2025-06-29 13:45:22.851794
Start name method: authorize

End time: 2025-06-29 13:45:23.864285
End name method: authorize
URL: https://sendflowers.by/login
-----

-----
Test: test_select.py::test_buy_product_2 (call)
Start time: 2025-06-29 13:45:23.865285
Start name method: select_product_go_cart

End time: 2025-06-29 13:45:24.745401
End name method: select_product_go_cart
URL: https://sendflowers.by/cart
-----
