
-----
Test: tests/test_select.py::test_buy_product (call)
Start time: 2025-06-29 00:04:30.409059
Start name method: authorize

End time: 2025-06-29 00:04:31.336912
End name method: authorize
URL: https://sendflowers.by/my-account
-----

-----
Test: tests/test_select.py::test_buy_product (call)
Start time: 2025-06-29 00:04:31.336912
Start name method: select_product_go_cart

End time: 2025-06-29 00:04:32.158974
End name method: select_product_go_cart
URL: https://sendflowers.by/cart
-----

-----
Test: tests/test_select.py::test_buy_product_2 (call)
Start time: 2025-06-29 00:04:36.044003
Start name method: authorize

End time: 2025-06-29 00:04:37.036872
End name method: authorize
URL: https://sendflowers.by/login
-----

-----
Test: tests/test_select.py::test_buy_product_2 (call)
Start time: 2025-06-29 00:04:37.036872
Start name method: select_product_go_cart

End time: 2025-06-29 00:04:37.905799
End name method: select_product_go_cart
URL: https://sendflowers.by/cart
-----
