
-----
Test: tests/test_select.py::test_buy_product (call)
Start time: 2025-06-29 00:09:51.300183
Start name method: authorize

End time: 2025-06-29 00:09:52.699713
End name method: authorize
URL: https://sendflowers.by/my-account
-----

-----
Test: tests/test_select.py::test_buy_product (call)
Start time: 2025-06-29 00:09:52.700236
Start name method: select_product_go_cart

End time: 2025-06-29 00:09:53.587302
End name method: select_product_go_cart
URL: https://sendflowers.by/cart
-----

-----
Test: tests/test_select.py::test_buy_product_2 (call)
Start time: 2025-06-29 00:09:57.441476
Start name method: authorize

End time: 2025-06-29 00:09:58.815724
End name method: authorize
URL: https://sendflowers.by/my-account
-----

-----
Test: tests/test_select.py::test_buy_product_2 (call)
Start time: 2025-06-29 00:09:58.815724
Start name method: select_product_go_cart

End time: 2025-06-29 00:09:59.693338
End name method: select_product_go_cart
URL: https://sendflowers.by/cart
-----
