
-----
Test: tests/test_select.py::test_buy_product (call)
Start time: 2025-06-29 00:12:27.179924
Start name method: authorize

End time: 2025-06-29 00:12:28.653572
End name method: authorize
URL: https://sendflowers.by/my-account
-----

-----
Test: tests/test_select.py::test_buy_product (call)
Start time: 2025-06-29 00:12:28.653953
Start name method: select_product_go_cart

End time: 2025-06-29 00:12:29.570731
End name method: select_product_go_cart
URL: https://sendflowers.by/cart
-----

-----
Test: tests/test_select.py::test_buy_product_2 (call)
Start time: 2025-06-29 00:12:33.434684
Start name method: authorize

End time: 2025-06-29 00:12:34.387991
End name method: authorize
URL: https://sendflowers.by/login
-----

-----
Test: tests/test_select.py::test_buy_product_2 (call)
Start time: 2025-06-29 00:12:34.389495
Start name method: select_product_go_cart

End time: 2025-06-29 00:12:35.287897
End name method: select_product_go_cart
URL: https://sendflowers.by/cart
-----
