
-----
Test: test_select.py::test_buy_product (call)
Start time: 2025-06-29 16:50:37.590946
Start name method: authorize

End time: 2025-06-29 16:50:38.182052
End name method: authorize
URL: https://sendflowers.by/login
-----

-----
Test: test_select.py::test_buy_product (call)
Start time: 2025-06-29 16:50:38.183051
Start name method: select_product_go_cart


-----
Test: test_select.py::test_buy_product_2 (call)
Start time: 2025-06-29 16:51:03.044682
Start name method: authorize

End time: 2025-06-29 16:51:04.009273
End name method: authorize
URL: https://sendflowers.by/my-account
-----

-----
Test: test_select.py::test_buy_product_2 (call)
Start time: 2025-06-29 16:51:04.009273
Start name method: select_product_go_cart

