
-----
Test: test_select.py::test_buy_product (call)
Start time: 2025-06-29 22:00:13.879128
Start name method: authorize

End time: 2025-06-29 22:00:17.486554
End name method: authorize
URL: https://sendflowers.by/my-account
-----

-----
Test: test_select.py::test_buy_product (call)
Start time: 2025-06-29 22:00:17.487077
Start name method: select_product_go_cart

End time: 2025-06-29 22:00:25.881504
End name method: select_product_go_cart
URL: https://sendflowers.by/
-----

-----
Test: test_select.py::test_buy_product_2 (call)
Start time: 2025-06-29 22:00:36.749966
Start name method: authorize

