
-----
Test: tests/test_select.py::test_buy_product (call)
Start time: 2025-06-29 13:46:20.807483
Start name method: authorize

End time: 2025-06-29 13:46:21.753301
End name method: authorize
URL: https://sendflowers.by/my-account
-----

-----
Test: tests/test_select.py::test_buy_product (call)
Start time: 2025-06-29 13:46:21.753301
Start name method: select_product_go_cart

End time: 2025-06-29 13:46:22.591873
End name method: select_product_go_cart
URL: https://sendflowers.by/cart
-----

-----
Test: tests/test_select.py::test_buy_product_2 (call)
Start time: 2025-06-29 13:46:26.542506
Start name method: authorize

End time: 2025-06-29 13:46:27.155238
End name method: authorize
URL: https://sendflowers.by/login
-----

-----
Test: tests/test_select.py::test_buy_product_2 (call)
Start time: 2025-06-29 13:46:27.155238
Start name method: select_product_go_cart

End time: 2025-06-29 13:46:27.998109
End name method: select_product_go_cart
URL: https://sendflowers.by/cart
-----
