
-----
Test: tests/test_select.py::test_buy_product (call)
Start time: 2025-06-29 00:02:10.270239
Start name method: authorize

End time: 2025-06-29 00:02:10.853069
End name method: authorize
URL: https://sendflowers.by/login
-----

-----
Test: tests/test_select.py::test_buy_product (call)
Start time: 2025-06-29 00:02:10.853069
Start name method: select_product_go_cart

End time: 2025-06-29 00:02:11.675852
End name method: select_product_go_cart
URL: https://sendflowers.by/cart
-----

-----
Test: tests/test_select.py::test_buy_product_2 (call)
Start time: 2025-06-29 00:02:15.546687
Start name method: authorize

End time: 2025-06-29 00:02:16.102144
End name method: authorize
URL: https://sendflowers.by/login
-----

-----
Test: tests/test_select.py::test_buy_product_2 (call)
Start time: 2025-06-29 00:02:16.102144
Start name method: select_product_go_cart

End time: 2025-06-29 00:02:16.936684
End name method: select_product_go_cart
URL: https://sendflowers.by/cart
-----
