
-----
Test: tests/test_select.py::test_buy_product (call)
Start time: 2025-06-29 00:02:22.084676
Start name method: authorize

End time: 2025-06-29 00:02:22.998822
End name method: authorize
URL: https://sendflowers.by/my-account
-----

-----
Test: tests/test_select.py::test_buy_product (call)
Start time: 2025-06-29 00:02:22.999825
Start name method: select_product_go_cart

End time: 2025-06-29 00:02:23.818813
End name method: select_product_go_cart
URL: https://sendflowers.by/cart
-----

-----
Test: tests/test_select.py::test_buy_product_2 (call)
Start time: 2025-06-29 00:02:28.024317
Start name method: authorize

End time: 2025-06-29 00:02:28.940767
End name method: authorize
URL: https://sendflowers.by/my-account
-----

-----
Test: tests/test_select.py::test_buy_product_2 (call)
Start time: 2025-06-29 00:02:28.940767
Start name method: select_product_go_cart

End time: 2025-06-29 00:02:29.771606
End name method: select_product_go_cart
URL: https://sendflowers.by/cart
-----
