
-----
Test: test_select.py::test_buy_product (call)
Start time: 2025-06-29 21:38:37.026876
Start name method: authorize

End time: 2025-06-29 21:38:37.590931
End name method: authorize
URL: https://sendflowers.by/login
-----

-----
Test: test_select.py::test_buy_product (call)
Start time: 2025-06-29 21:38:37.590931
Start name method: select_product_go_cart


-----
Test: test_select.py::test_buy_product_2 (call)
Start time: 2025-06-29 21:39:08.228227
Start name method: authorize

End time: 2025-06-29 21:39:08.819502
End name method: authorize
URL: https://sendflowers.by/login
-----

-----
Test: test_select.py::test_buy_product_2 (call)
Start time: 2025-06-29 21:39:08.820502
Start name method: select_product_go_cart

