
-----
Test: tests/test_select.py::test_buy_product (call)
Start time: 2025-06-29 00:08:14.391412
Start name method: authorize

End time: 2025-06-29 00:08:15.820157
End name method: authorize
URL: https://sendflowers.by/login
-----

-----
Test: tests/test_select.py::test_buy_product (call)
Start time: 2025-06-29 00:08:15.820530
Start name method: select_product_go_cart

End time: 2025-06-29 00:08:16.708348
End name method: select_product_go_cart
URL: https://sendflowers.by/cart
-----

-----
Test: tests/test_select.py::test_buy_product_2 (call)
Start time: 2025-06-29 00:08:20.582433
Start name method: authorize

End time: 2025-06-29 00:08:22.015409
End name method: authorize
URL: https://sendflowers.by/login
-----

-----
Test: tests/test_select.py::test_buy_product_2 (call)
Start time: 2025-06-29 00:08:22.015929
Start name method: select_product_go_cart

End time: 2025-06-29 00:08:22.897940
End name method: select_product_go_cart
URL: https://sendflowers.by/cart
-----
