
-----
Test: test_select.py::test_buy_product (call)
Start time: 2025-06-29 21:52:00.724186
Start name method: authorize

End time: 2025-06-29 21:52:01.294383
End name method: authorize
URL: https://sendflowers.by/login
-----

-----
Test: test_select.py::test_buy_product (call)
Start time: 2025-06-29 21:52:01.294383
Start name method: select_product_go_cart

End time: 2025-06-29 21:52:07.591813
End name method: select_product_go_cart
URL: https://sendflowers.by/cart
-----

-----
Test: test_select.py::test_buy_product_2 (call)
Start time: 2025-06-29 21:52:12.889201
Start name method: authorize

End time: 2025-06-29 21:52:13.887027
End name method: authorize
URL: https://sendflowers.by/my-account
-----

-----
Test: test_select.py::test_buy_product_2 (call)
Start time: 2025-06-29 21:52:13.888026
Start name method: select_product_go_cart

