
-----
Test: tests/test_select.py::test_buy_product (call)
Start time: 2025-06-29 00:04:18.193842
Start name method: authorize

End time: 2025-06-29 00:04:18.766505
End name method: authorize
URL: https://sendflowers.by/login
-----

-----
Test: tests/test_select.py::test_buy_product (call)
Start time: 2025-06-29 00:04:18.766505
Start name method: select_product_go_cart

End time: 2025-06-29 00:04:19.613320
End name method: select_product_go_cart
URL: https://sendflowers.by/cart
-----

-----
Test: tests/test_select.py::test_buy_product_2 (call)
Start time: 2025-06-29 00:04:23.478848
Start name method: authorize

End time: 2025-06-29 00:04:24.036442
End name method: authorize
URL: https://sendflowers.by/login
-----

-----
Test: tests/test_select.py::test_buy_product_2 (call)
Start time: 2025-06-29 00:04:24.036442
Start name method: select_product_go_cart

End time: 2025-06-29 00:04:24.864896
End name method: select_product_go_cart
URL: https://sendflowers.by/cart
-----
