
-----
Test: test_select.py::test_buy_product (call)
Start time: 2025-06-29 17:12:02.657804
Start name method: authorize

End time: 2025-06-29 17:12:04.217321
End name method: authorize
URL: https://sendflowers.by/my-account
-----

-----
Test: test_select.py::test_buy_product (call)
Start time: 2025-06-29 17:12:04.217832
Start name method: select_product_go_cart


-----
Test: test_select.py::test_buy_product_2 (call)
Start time: 2025-06-29 17:12:29.885223
Start name method: authorize

End time: 2025-06-29 17:12:31.496222
End name method: authorize
URL: https://sendflowers.by/my-account
-----

-----
Test: test_select.py::test_buy_product_2 (call)
Start time: 2025-06-29 17:12:31.497254
Start name method: select_product_go_cart

