
-----
Test: test_select.py::test_buy_product (call)
Start time: 2025-06-29 21:39:46.692860
Start name method: authorize

End time: 2025-06-29 21:39:47.624818
End name method: authorize
URL: https://sendflowers.by/my-account
-----

-----
Test: test_select.py::test_buy_product (call)
Start time: 2025-06-29 21:39:47.626321
Start name method: select_product_go_cart


-----
Test: test_select.py::test_buy_product_2 (call)
Start time: 2025-06-29 21:40:18.272210
Start name method: authorize

End time: 2025-06-29 21:40:19.226926
End name method: authorize
URL: https://sendflowers.by/my-account
-----

-----
Test: test_select.py::test_buy_product_2 (call)
Start time: 2025-06-29 21:40:19.227928
Start name method: select_product_go_cart

