
-----
Test: test_select.py::test_buy_product (call)
Start time: 2025-06-29 16:46:37.520036
Start name method: authorize

End time: 2025-06-29 16:46:38.474538
End name method: authorize
URL: https://sendflowers.by/my-account
-----

-----
Test: test_select.py::test_buy_product (call)
Start time: 2025-06-29 16:46:38.476041
Start name method: select_product_go_cart

End time: 2025-06-29 16:46:40.055915
End name method: select_product_go_cart
URL: https://sendflowers.by/
-----

-----
Test: test_select.py::test_buy_product_2 (call)
Start time: 2025-06-29 16:46:45.659226
Start name method: authorize

End time: 2025-06-29 16:46:46.242482
End name method: authorize
URL: https://sendflowers.by/login
-----

-----
Test: test_select.py::test_buy_product_2 (call)
Start time: 2025-06-29 16:46:46.243487
Start name method: select_product_go_cart

End time: 2025-06-29 16:46:47.841154
End name method: select_product_go_cart
URL: https://sendflowers.by/
-----
