
-----
Test: test_select.py::test_buy_product (call)
Start time: 2025-06-29 22:45:10.566070
Start name method: authorize

End time: 2025-06-29 22:45:11.204251
End name method: authorize
URL: https://sendflowers.by/login
-----

-----
Test: test_select.py::test_buy_product (call)
Start time: 2025-06-29 22:45:11.204251
Start name method: select_product_go_cart

End time: 2025-06-29 22:45:12.494536
End name method: select_product_go_cart
URL: https://sendflowers.by/
-----

-----
Test: test_select.py::test_buy_product_2 (call)
Start time: 2025-06-29 22:45:41.396435
Start name method: authorize

End time: 2025-06-29 22:45:42.352917
End name method: authorize
URL: https://sendflowers.by/my-account
-----

-----
Test: test_select.py::test_buy_product_2 (call)
Start time: 2025-06-29 22:45:42.353917
Start name method: select_product_go_cart

