
-----
Test: test_select.py::test_buy_product (call)
Start time: 2025-06-29 22:50:22.762496
Start name method: authorize

End time: 2025-06-29 22:50:23.692377
End name method: authorize
URL: https://sendflowers.by/my-account
-----

-----
Test: test_select.py::test_buy_product (call)
Start time: 2025-06-29 22:50:23.693880
Start name method: select_product_go_cart

End time: 2025-06-29 22:50:24.965804
End name method: select_product_go_cart
URL: https://sendflowers.by/
-----

-----
Test: test_select.py::test_buy_product_2 (call)
Start time: 2025-06-29 22:50:47.656356
Start name method: authorize

End time: 2025-06-29 22:50:48.608202
End name method: authorize
URL: https://sendflowers.by/my-account
-----

-----
Test: test_select.py::test_buy_product_2 (call)
Start time: 2025-06-29 22:50:48.608202
Start name method: select_product_go_cart

End time: 2025-06-29 22:50:49.908316
End name method: select_product_go_cart
URL: https://sendflowers.by/
-----
