
-----
Test: tests/test_select.py::test_buy_product (call)
Start time: 2026-05-30 21:33:26.235302
Start name method: authorize

End time: 2026-05-30 21:33:27.504073
End name method: authorize
URL: https://sendflowers.by/login
-----

-----
Test: tests/test_select.py::test_buy_product (call)
Start time: 2026-05-30 21:33:27.504379
Start name method: select_product_go_cart


-----
Test: tests/test_select.py::test_buy_product_2 (call)
Start time: 2026-05-30 21:33:51.780999
Start name method: authorize

End time: 2026-05-30 21:33:53.387320
End name method: authorize
URL: https://sendflowers.by/login
-----

-----
Test: tests/test_select.py::test_buy_product_2 (call)
Start time: 2026-05-30 21:33:53.387652
Start name method: select_product_go_cart

End time: 2026-05-30 21:34:10.097526
End name method: select_product_go_cart
URL: https://sendflowers.by/
-----
